[41;37m./diy/luci-app-frpc: has no/multi config file(s), skipping...[0m
[41;37m./luci-app-cifsd: has no/multi config file(s), skipping...[0m
[41;37m./luci-app-cifsd: has no/multi config file(s), skipping...[0m
[41;37m./luci-app-cifsd: has no/multi config file(s), skipping...[0m
[41;37m./luci-app-cifsd: has no/multi config file(s), skipping...[0m
[41;37m./luci-app-cifsd: has no/multi config file(s), skipping...[0m
[41;37m./luci-app-diskman: has no/multi config file(s), skipping...[0m
[41;37m./luci-app-diskman: has no/multi config file(s), skipping...[0m
[41;37m./luci-app-dnscrypt-proxy2: has no/multi config file(s), skipping...[0m
[41;37m./luci-app-dnscrypt-proxy2: has no/multi config file(s), skipping...[0m
[41;37m./luci-app-dnscrypt-proxy2: has no/multi config file(s), skipping...[0m
[41;37m./luci-app-dnscrypt-proxy2: has no/multi config file(s), skipping...[0m
[41;37m./luci-app-dnscrypt-proxy2: has no/multi config file(s), skipping...[0m
[41;37m./luci-app-dnscrypt-proxy2: has no/multi config file(s), skipping...[0m
[41;37m./luci-app-dnsforwarder: has no/multi config file(s), skipping...[0m
[41;37m./luci-app-dnsforwarder: has no/multi config file(s), skipping...[0m
[41;37m./luci-app-dnsforwarder: has no/multi config file(s), skipping...[0m
[41;37m./luci-app-dnsforwarder: has no/multi config file(s), skipping...[0m
[41;37m./luci-app-fileassistant: has no/multi config file(s), skipping...[0m
[41;37m./luci-app-fileassistant: has no/multi config file(s), skipping...[0m
[41;37m./luci-app-fileassistant: has no/multi config file(s), skipping...[0m
[41;37m./luci-app-fileassistant: has no/multi config file(s), skipping...[0m
[41;37m./luci-app-filetransfer: has no/multi config file(s), skipping...[0m
[41;37m./luci-app-filetransfer: has no/multi config file(s), skipping...[0m
[41;37m./luci-app-filetransfer: has no/multi config file(s), skipping...[0m
[41;37m./luci-app-filetransfer: has no/multi config file(s), skipping...[0m
[41;37m./luci-app-filetransfer: has no/multi config file(s), skipping...[0m
[41;37m./luci-app-gpsysupgrade: has no/multi config file(s), skipping...[0m
[41;37m./luci-app-gpsysupgrade: has no/multi config file(s), skipping...[0m
[41;37m./luci-app-gpsysupgrade: has no/multi config file(s), skipping...[0m
[41;37m./luci-app-gpsysupgrade: has no/multi config file(s), skipping...[0m
[41;37m./luci-app-koolproxyR: has no/multi config file(s), skipping...[0m
[41;37m./luci-app-koolproxyR: has no/multi config file(s), skipping...[0m
[41;37m./luci-app-koolproxyR: has no/multi config file(s), skipping...[0m
[41;37m./luci-app-koolproxyR: has no/multi config file(s), skipping...[0m
[41;37m./luci-app-koolproxyR: has no/multi config file(s), skipping...[0m
[41;37m./luci-app-koolproxyR: has no/multi config file(s), skipping...[0m
[41;37m./luci-app-mtwifi: has no/multi config file(s), skipping...[0m
[41;37m./luci-app-mtwifi: has no/multi config file(s), skipping...[0m
[41;37m./luci-app-mtwifi: has no/multi config file(s), skipping...[0m
[41;37m./luci-app-mtwifi: has no/multi config file(s), skipping...[0m
[41;37m./luci-app-n2n_v2: has no/multi config file(s), skipping...[0m
[41;37m./luci-app-n2n_v2: has no/multi config file(s), skipping...[0m
[41;37m./luci-app-n2n_v2: has no/multi config file(s), skipping...[0m
[41;37m./luci-app-n2n_v2: has no/multi config file(s), skipping...[0m
[41;37m./luci-app-n2n_v2: has no/multi config file(s), skipping...[0m
[41;37m./luci-app-netdata: has no/multi config file(s), skipping...[0m
[41;37m./luci-app-netdata: has no/multi config file(s), skipping...[0m
[41;37m./luci-app-netdata: has no/multi config file(s), skipping...[0m
[41;37m./luci-app-netdata: has no/multi config file(s), skipping...[0m
[41;37m./luci-app-nft-qos: has no/multi config file(s), skipping...[0m
[41;37m./luci-app-nft-qos: has no/multi config file(s), skipping...[0m
[41;37m./luci-app-nft-qos: has no/multi config file(s), skipping...[0m
[41;37m./luci-app-nft-qos: has no/multi config file(s), skipping...[0m
[41;37m./luci-app-onliner: has no/multi config file(s), skipping...[0m
[41;37m./luci-app-onliner: has no/multi config file(s), skipping...[0m
[41;37m./luci-app-onliner: has no/multi config file(s), skipping...[0m
[41;37m./luci-app-onliner: has no/multi config file(s), skipping...[0m
[41;37m./luci-app-onliner: has no/multi config file(s), skipping...[0m
[41;37m./luci-app-ps3netsrv: has no/multi config file(s), skipping...[0m
[41;37m./luci-app-ps3netsrv: has no/multi config file(s), skipping...[0m
[41;37m./luci-app-ps3netsrv: has no/multi config file(s), skipping...[0m
[41;37m./luci-app-ps3netsrv: has no/multi config file(s), skipping...[0m
[41;37m./luci-app-ps3netsrv: has no/multi config file(s), skipping...[0m
[41;37m./luci-app-ramfree: has no/multi config file(s), skipping...[0m
[41;37m./luci-app-ramfree: has no/multi config file(s), skipping...[0m
[41;37m./luci-app-ramfree: has no/multi config file(s), skipping...[0m
[41;37m./luci-app-ramfree: has no/multi config file(s), skipping...[0m
[41;37m./luci-app-samba4: has no/multi config file(s), skipping...[0m
[41;37m./luci-app-samba4: has no/multi config file(s), skipping...[0m
[41;37m./luci-app-samba4: has no/multi config file(s), skipping...[0m
[41;37m./luci-app-samba4: has no/multi config file(s), skipping...[0m
[41;37m./luci-app-smstool: has no/multi config file(s), skipping...[0m
[41;37m./luci-app-smstool: has no/multi config file(s), skipping...[0m
[41;37m./luci-app-smstool: has no/multi config file(s), skipping...[0m
[41;37m./luci-app-sysuh3c: has no/multi config file(s), skipping...[0m
[41;37m./luci-app-sysuh3c: has no/multi config file(s), skipping...[0m
[41;37m./luci-app-sysuh3c: has no/multi config file(s), skipping...[0m
[41;37m./luci-app-terminal: has no/multi config file(s), skipping...[0m
[41;37m./luci-app-terminal: has no/multi config file(s), skipping...[0m
[41;37m./luci-app-terminal: has no/multi config file(s), skipping...[0m
[41;37m./luci-app-terminal: has no/multi config file(s), skipping...[0m
[41;37m./luci-app-terminal: has no/multi config file(s), skipping...[0m
[41;37m./luci-app-ttyd: has no/multi config file(s), skipping...[0m
[41;37m./luci-app-ttyd: has no/multi config file(s), skipping...[0m
[41;37m./luci-app-ttyd: has no/multi config file(s), skipping...[0m
[41;37m./luci-app-ttyd: has no/multi config file(s), skipping...[0m
[41;37m./luci-app-vssr: has no/multi config file(s), skipping...[0m
[41;37m./luci-app-vssr: has no/multi config file(s), skipping...[0m
[41;37m./luci-app-vssr: has no/multi config file(s), skipping...[0m
[41;37m./luci-app-vssr: has no/multi config file(s), skipping...[0m
[41;37m./luci-app-vssr: has no/multi config file(s), skipping...[0m
[41;37m./luci-app-vssr: has no/multi config file(s), skipping...[0m
[41;37m./luci-app-vssr: has no/multi config file(s), skipping...[0m
[41;37m./luci-app-webadmin: has no/multi config file(s), skipping...[0m
[41;37m./luci-app-webadmin: has no/multi config file(s), skipping...[0m
[41;37m./luci-app-webadmin: has no/multi config file(s), skipping...[0m
[41;37m./luci-app-webadmin: has no/multi config file(s), skipping...[0m
[41;37m./luci-app-wrtbwmon: has no/multi config file(s), skipping...[0m
[41;37m./luci-app-wrtbwmon: has no/multi config file(s), skipping...[0m
[41;37m./luci-app-wrtbwmon: has no/multi config file(s), skipping...[0m
[41;37m./luci-app-wrtbwmon: has no/multi config file(s), skipping...[0m
